2022-11-22 12:11:19|   0.1|  0.1|INFORM|FME 2020.2.1.0 (20201130 - Build 20806 - WIN64)
2022-11-22 12:11:19|   0.1|  0.0|INFORM|FME_HOME is 'D:\applications\fme\2020_2_1\'
2022-11-22 12:11:19|   0.1|  0.0|INFORM|FME Database Edition (floating)
2022-11-22 12:11:19|   0.1|  0.0|INFORM|Permanent License.
2022-11-22 12:11:19|   0.1|  0.0|INFORM|Machine host name is: MEL0151808
2022-11-22 12:11:19|   0.1|  0.0|INFORM|START - ProcessID: 8764, peak process memory usage: 41616 kB, current process memory usage: 41616 kB
2022-11-22 12:11:19|   0.1|  0.0|INFORM|FME Configuration: Command line arguments are `D:\applications\fme\2020_2_1\fme.exe' `E:\0000_git\code_perso\fme\las2recap_cc50.fmw' `--SourceDataset_LAS' `.\temp\./temp/echantillon_10pts_1.laz' `--DestDataset_RECAP' `.\temp_sol_bati_rcs\temp\echantillon_10pts_1'
2022-11-22 12:11:19|   0.1|  0.0|INFORM|FME Configuration: Connection Storage: 'C:\Users\gguidirontani\AppData\Roaming\Safe Software\FME\'
2022-11-22 12:11:21|   1.4|  1.3|INFORM|Shared folders for formats are : D:\applications\fme\2020_2_1\datasources;C:\Users\gguidirontani\Documents\FME\Formats
2022-11-22 12:11:21|   1.4|  0.0|INFORM|Shared folders for transformers are : C:\Users\gguidirontani\AppData\Roaming\Safe Software\FME\Packages\20806-win64\transformers;D:\applications\fme\2020_2_1\transformers;C:\Users\gguidirontani\AppData\Roaming\Safe Software\FME\FME Store\Transformers
2022-11-22 12:11:21|   1.4|  0.0|INFORM|Shared folders for coordinate systems are : C:\Users\gguidirontani\Documents\FME\CoordinateSystems
2022-11-22 12:11:21|   1.4|  0.0|INFORM|Shared folders for coordinate system exceptions are : C:\Users\gguidirontani\Documents\FME\CoordinateSystemExceptions
2022-11-22 12:11:21|   1.4|  0.0|INFORM|Shared folders for coordinate system grid overrides are : C:\Users\gguidirontani\Documents\FME\CoordinateSystemGridOverrides
2022-11-22 12:11:21|   1.4|  0.0|INFORM|Shared folders for CS-MAP transformation exceptions are : C:\Users\gguidirontani\Documents\FME\CsmapTransformationExceptions
2022-11-22 12:11:21|   1.4|  0.0|INFORM|Shared folders for transformer categories are : C:\Users\gguidirontani\Documents\FME\TransformerCategories
2022-11-22 12:11:21|   1.4|  0.0|INFORM|FME Configuration: Reader Keyword is `MULTI_READER'
2022-11-22 12:11:21|   1.4|  0.0|INFORM|FME Configuration: Writer Keyword is `MULTI_WRITER'
2022-11-22 12:11:21|   1.4|  0.0|INFORM|FME Configuration: Writer Group Definition Keyword is `MULTI_WRITER_DEF'
2022-11-22 12:11:21|   1.4|  0.0|INFORM|FME Configuration: Reader type is `MULTI_READER'
2022-11-22 12:11:21|   1.4|  0.0|INFORM|FME Configuration: Writer type is `MULTI_WRITER'
2022-11-22 12:11:21|   1.4|  0.0|INFORM|FME Configuration: No destination coordinate system set
2022-11-22 12:11:21|   1.4|  0.0|INFORM|FME Configuration: Current working folder is `E:\0_en_cours\2022_comines_warneton_armentieres\nuages'
2022-11-22 12:11:21|   1.4|  0.0|INFORM|FME Configuration: Temporary folder is `C:\Users\GGUIDI~1\AppData\Local\Temp', set from environment variable `TEMP'
2022-11-22 12:11:21|   1.4|  0.0|INFORM|FME Configuration: FME_HOME is `D:\applications\fme\2020_2_1\'
2022-11-22 12:11:21|   1.4|  0.0|INFORM|FME Configuration: FME_BASE is 'no'
2022-11-22 12:11:21|   1.4|  0.0|INFORM|FME Configuration: FME_MF_DIR is 'E:\0000_git\code_perso\fme/'
2022-11-22 12:11:21|   1.4|  0.0|INFORM|FME Configuration: FME_MF_NAME is 'las2recap_cc50.fmw'
2022-11-22 12:11:21|   1.4|  0.0|INFORM|FME Configuration: FME_PRODUCT_NAME is 'FME(R) 2020.2.1.0'
2022-11-22 12:11:21|   1.4|  0.0|INFORM|System Status: 1.67 TB of disk space available in the FME temporary folder (C:\Users\GGUIDI~1\AppData\Local\Temp)
2022-11-22 12:11:21|   1.4|  0.0|INFORM|System Status: 255.71 GB of physical memory available
2022-11-22 12:11:21|   1.4|  0.0|INFORM|System Status: 1022.84 GB of virtual memory available
2022-11-22 12:11:21|   1.4|  0.0|INFORM|Operating System: Microsoft Windows 10 64-bit  (Build 19041)
2022-11-22 12:11:21|   1.4|  0.0|INFORM|FME Platform: WIN64
2022-11-22 12:11:21|   1.4|  0.0|INFORM|Locale: fr_FR
2022-11-22 12:11:21|   1.4|  0.0|INFORM|System Encoding: windows-1252
2022-11-22 12:11:21|   1.4|  0.0|INFORM|FME Configuration: Start freeing memory when the process exceeds 767.13 GB
2022-11-22 12:11:21|   1.4|  0.0|INFORM|FME Configuration: Stop freeing memory when the process is below 575.35 GB
2022-11-22 12:11:21|   1.5|  0.1|INFORM|Creating writer for format: 
2022-11-22 12:11:21|   1.5|  0.0|INFORM|Creating reader for format: 
2022-11-22 12:11:21|   1.5|  0.0|INFORM|MULTI_READER(MULTI_READER): Will fail with first member reader failure
2022-11-22 12:11:21|   1.5|  0.0|INFORM|MULTI_READER(MULTI_READER): Adding LAS Reader with keyword LAS_1
2022-11-22 12:11:21|   1.5|  0.0|INFORM|Using Multi Reader with keyword `MULTI_READER' to read multiple datasets
2022-11-22 12:11:21|   1.6|  0.1|INFORM|Creating reader for format: ASPRS Lidar Data Exchange Format (LAS)
2022-11-22 12:11:21|   1.6|  0.0|INFORM|Trying to find a DYNAMIC plugin for reader named `LAS'
2022-11-22 12:11:21|   1.6|  0.0|INFORM|FME Configuration: Source coordinate system for reader LAS_1[LAS] set to `EPSG:3950'
2022-11-22 12:11:21|   1.9|  0.3|INFORM|Coordinate System `EPSG:3950' parameters: CS_NAME=`RGF93.CC50' DESC_NM=`RGF93 Lambert Zone 9 (New Zone/NZ 9)' DT_NAME=`RGF93' GROUP=`EUROPE' MAP_SCL=`1' MAX_LAT=`51.25' MAX_LNG=`10' MIN_LAT=`48.75' MIN_LNG=`-6' ORG_LAT=`50' ORG_LNG=`3' PARM1=`49.25' PARM2=`50.75' PROJ=`LM' QUAD=`1' SCL_RED=`1' SOURCE=`Commission des Referentiels du C.N.I.G.' UNIT=`METER' X_OFF=`1700000' Y_OFF=`9200000' ZERO_X=`0.001' ZERO_Y=`0.001'
2022-11-22 12:11:21|   1.9|  0.0|INFORM|Loaded module 'LAS' from file 'D:\applications\fme\2020_2_1\LIDAR_FME.dll'
2022-11-22 12:11:21|   1.9|  0.0|INFORM|FME API version of module 'LAS' matches current internal version (3.8 20200115)
2022-11-22 12:11:21|   1.9|  0.0|INFORM|Using MultiWriter with keyword `MULTI_WRITER' to output data (ID_ATTRIBUTE is `multi_writer_id')
2022-11-22 12:11:21|   1.9|  0.0|INFORM|Writer output will be ordered by value of multi_writer_id
2022-11-22 12:11:21|   2.0|  0.0|ERROR |LAS reader: Failed to open file 'temp\.\temp\echantillon_10pts_1.laz' for reading.  Please ensure that the file exists and you have sufficient privileges to read it
2022-11-22 12:11:21|   2.0|  0.0|ERROR |A fatal error has occurred. Check the logfile above for details
2022-11-22 12:11:21|   2.0|  0.0|INFORM|Translation FAILED with 2 error(s) and 0 warning(s) (0 feature(s) output)
2022-11-22 12:11:21|   2.0|  0.0|INFORM|FME Session Duration: 2.9 seconds. (CPU: 0.4s user, 0.4s system)
2022-11-22 12:11:21|   2.0|  0.0|INFORM|END - ProcessID: 8764, peak process memory usage: 89172 kB, current process memory usage: 86604 kB
